[INFO ] 2023-01-20 16:38:47.196 [restartedMain] AttendanceDashBoardApplication - Starting AttendanceDashBoardApplication using Java 17.0.4.1 with PID 5188 (C:\Users\hp\git\hrmsmain\hrms\AttendanceDashBoard\target\classes started by hp in C:\Users\hp\git\hrmsmain\hrms\AttendanceDashBoard)
[DEBUG] 2023-01-20 16:38:47.213 [restartedMain] AttendanceDashBoardApplication - Running with Spring Boot v3.0.0, Spring v6.0.2
[INFO ] 2023-01-20 16:38:47.219 [restartedMain] AttendanceDashBoardApplication - No active profile set, falling back to 1 default profile: "default"
[INFO ] 2023-01-20 16:38:56.902 [restartedMain] AttendanceDashBoardApplication - Started AttendanceDashBoardApplication in 10.32 seconds (process running for 12.433)
[INFO ] 2023-01-20 16:41:30.289 [http-nio-9090-exec-4] EmployeeOperationController - info level log message
[INFO ] 2023-01-20 16:47:20.342 [restartedMain] AttendanceDashBoardApplication - Starting AttendanceDashBoardApplication using Java 17.0.4.1 with PID 7340 (C:\Users\hp\git\hrmsmain\hrms\AttendanceDashBoard\target\classes started by hp in C:\Users\hp\git\hrmsmain\hrms\AttendanceDashBoard)
[DEBUG] 2023-01-20 16:47:20.354 [restartedMain] AttendanceDashBoardApplication - Running with Spring Boot v3.0.0, Spring v6.0.2
[INFO ] 2023-01-20 16:47:20.356 [restartedMain] AttendanceDashBoardApplication - No active profile set, falling back to 1 default profile: "default"
[INFO ] 2023-01-20 16:47:29.149 [restartedMain] AttendanceDashBoardApplication - Started AttendanceDashBoardApplication in 9.464 seconds (process running for 10.732)
[INFO ] 2023-01-20 16:49:55.515 [restartedMain] AttendanceDashBoardApplication - Starting AttendanceDashBoardApplication using Java 17.0.4.1 with PID 3020 (C:\Users\hp\git\hrmsmain\hrms\AttendanceDashBoard\target\classes started by hp in C:\Users\hp\git\hrmsmain\hrms\AttendanceDashBoard)
[DEBUG] 2023-01-20 16:49:55.530 [restartedMain] AttendanceDashBoardApplication - Running with Spring Boot v3.0.0, Spring v6.0.2
[INFO ] 2023-01-20 16:49:55.533 [restartedMain] AttendanceDashBoardApplication - No active profile set, falling back to 1 default profile: "default"
[INFO ] 2023-01-20 16:50:07.671 [restartedMain] AttendanceDashBoardApplication - Started AttendanceDashBoardApplication in 12.694 seconds (process running for 14.391)
[INFO ] 2023-01-20 16:55:06.152 [restartedMain] AttendanceDashBoardApplication - Starting AttendanceDashBoardApplication using Java 17.0.4.1 with PID 7456 (C:\Users\hp\git\hrmsmain\hrms\AttendanceDashBoard\target\classes started by hp in C:\Users\hp\git\hrmsmain\hrms\AttendanceDashBoard)
[DEBUG] 2023-01-20 16:55:06.166 [restartedMain] AttendanceDashBoardApplication - Running with Spring Boot v3.0.0, Spring v6.0.2
[INFO ] 2023-01-20 16:55:06.169 [restartedMain] AttendanceDashBoardApplication - No active profile set, falling back to 1 default profile: "default"
[INFO ] 2023-01-20 16:55:14.626 [restartedMain] AttendanceDashBoardApplication - Started AttendanceDashBoardApplication in 8.957 seconds (process running for 10.277)
[INFO ] 2023-01-20 16:56:13.291 [restartedMain] AttendanceDashBoardApplication - Starting AttendanceDashBoardApplication using Java 17.0.4.1 with PID 2860 (C:\Users\hp\git\hrmsmain\hrms\AttendanceDashBoard\target\classes started by hp in C:\Users\hp\git\hrmsmain\hrms\AttendanceDashBoard)
[DEBUG] 2023-01-20 16:56:13.307 [restartedMain] AttendanceDashBoardApplication - Running with Spring Boot v3.0.0, Spring v6.0.2
[INFO ] 2023-01-20 16:56:13.309 [restartedMain] AttendanceDashBoardApplication - No active profile set, falling back to 1 default profile: "default"
[INFO ] 2023-01-20 16:56:21.772 [restartedMain] AttendanceDashBoardApplication - Started AttendanceDashBoardApplication in 9.117 seconds (process running for 11.234)
[INFO ] 2023-01-20 16:59:44.076 [http-nio-9090-exec-7] AttendanceController - Employeeservice:Attendance:setStatus info level log message
[INFO ] 2023-01-20 17:41:05.011 [restartedMain] AttendanceDashBoardApplication - Starting AttendanceDashBoardApplication using Java 17.0.4.1 with PID 7964 (C:\Users\hp\git\hrmsmain\hrms\AttendanceDashBoard\target\classes started by hp in C:\Users\hp\git\hrmsmain\hrms\AttendanceDashBoard)
[DEBUG] 2023-01-20 17:41:05.031 [restartedMain] AttendanceDashBoardApplication - Running with Spring Boot v3.0.0, Spring v6.0.2
[INFO ] 2023-01-20 17:41:05.038 [restartedMain] AttendanceDashBoardApplication - No active profile set, falling back to 1 default profile: "default"
[INFO ] 2023-01-20 17:41:15.701 [restartedMain] AttendanceDashBoardApplication - Started AttendanceDashBoardApplication in 11.34 seconds (process running for 12.684)
[INFO ] 2023-01-20 17:41:23.041 [http-nio-9090-exec-1] EmployeeOperationController - Employeeservice:employee:SearchEmployeeByFirstLastName info level log message
[INFO ] 2023-01-20 17:43:18.522 [restartedMain] AttendanceDashBoardApplication - Starting AttendanceDashBoardApplication using Java 17.0.4.1 with PID 11776 (C:\Users\hp\git\hrmsmain\hrms\AttendanceDashBoard\target\classes started by hp in C:\Users\hp\git\hrmsmain\hrms\AttendanceDashBoard)
[DEBUG] 2023-01-20 17:43:18.543 [restartedMain] AttendanceDashBoardApplication - Running with Spring Boot v3.0.0, Spring v6.0.2
[INFO ] 2023-01-20 17:43:18.546 [restartedMain] AttendanceDashBoardApplication - No active profile set, falling back to 1 default profile: "default"
[INFO ] 2023-01-20 17:43:30.047 [restartedMain] AttendanceDashBoardApplication - Started AttendanceDashBoardApplication in 12.175 seconds (process running for 13.425)
[INFO ] 2023-01-20 17:47:14.830 [http-nio-9090-exec-2] EmployeeOperationController - Employeeservice:employee:SearchEmployeeByFirstLastName info level log message
[INFO ] 2023-01-20 17:52:46.405 [restartedMain] AttendanceDashBoardApplication - Starting AttendanceDashBoardApplication using Java 17.0.4.1 with PID 7904 (C:\Users\hp\git\hrmsmain\hrms\AttendanceDashBoard\target\classes started by hp in C:\Users\hp\git\hrmsmain\hrms\AttendanceDashBoard)
[DEBUG] 2023-01-20 17:52:46.424 [restartedMain] AttendanceDashBoardApplication - Running with Spring Boot v3.0.0, Spring v6.0.2
[INFO ] 2023-01-20 17:52:46.426 [restartedMain] AttendanceDashBoardApplication - No active profile set, falling back to 1 default profile: "default"
[INFO ] 2023-01-20 17:52:54.770 [restartedMain] AttendanceDashBoardApplication - Started AttendanceDashBoardApplication in 8.95 seconds (process running for 10.414)
[INFO ] 2023-01-20 17:53:26.154 [http-nio-9090-exec-1] EmployeeOperationController - Employeeservice:employee:getAllEmps info level log message
[INFO ] 2023-01-20 18:02:37.327 [restartedMain] AttendanceDashBoardApplication - Starting AttendanceDashBoardApplication using Java 17.0.4.1 with PID 4064 (C:\Users\hp\git\hrmsmain\hrms\AttendanceDashBoard\target\classes started by hp in C:\Users\hp\git\hrmsmain\hrms\AttendanceDashBoard)
[DEBUG] 2023-01-20 18:02:37.343 [restartedMain] AttendanceDashBoardApplication - Running with Spring Boot v3.0.0, Spring v6.0.2
[INFO ] 2023-01-20 18:02:37.345 [restartedMain] AttendanceDashBoardApplication - No active profile set, falling back to 1 default profile: "default"
[INFO ] 2023-01-20 18:02:45.091 [restartedMain] AttendanceDashBoardApplication - Started AttendanceDashBoardApplication in 8.227 seconds (process running for 9.919)
[INFO ] 2023-01-20 18:03:36.705 [http-nio-9090-exec-1] EmployeeOperationController - Employeeservice:employee:SearchEmployeeByFirstLastName info level log message
[INFO ] 2023-01-20 18:06:49.612 [restartedMain] AttendanceDashBoardApplication - Starting AttendanceDashBoardApplication using Java 17.0.4.1 with PID 4064 (C:\Users\hp\git\hrmsmain\hrms\AttendanceDashBoard\target\classes started by hp in C:\Users\hp\git\hrmsmain\hrms\AttendanceDashBoard)
[DEBUG] 2023-01-20 18:06:49.613 [restartedMain] AttendanceDashBoardApplication - Running with Spring Boot v3.0.0, Spring v6.0.2
[INFO ] 2023-01-20 18:06:49.613 [restartedMain] AttendanceDashBoardApplication - No active profile set, falling back to 1 default profile: "default"
[INFO ] 2023-01-20 18:06:52.339 [restartedMain] AttendanceDashBoardApplication - Started AttendanceDashBoardApplication in 2.967 seconds (process running for 257.167)
[INFO ] 2023-01-20 18:08:40.193 [restartedMain] AttendanceDashBoardApplication - Starting AttendanceDashBoardApplication using Java 17.0.4.1 with PID 2792 (C:\Users\hp\git\hrmsmain\hrms\AttendanceDashBoard\target\classes started by hp in C:\Users\hp\git\hrmsmain\hrms\AttendanceDashBoard)
[DEBUG] 2023-01-20 18:08:40.204 [restartedMain] AttendanceDashBoardApplication - Running with Spring Boot v3.0.0, Spring v6.0.2
[INFO ] 2023-01-20 18:08:40.208 [restartedMain] AttendanceDashBoardApplication - No active profile set, falling back to 1 default profile: "default"
[INFO ] 2023-01-20 18:08:47.361 [restartedMain] AttendanceDashBoardApplication - Started AttendanceDashBoardApplication in 7.573 seconds (process running for 9.359)
[INFO ] 2023-01-20 18:08:58.149 [http-nio-9090-exec-2] EmployeeOperationController - Employeeservice:employee:SearchEmployeeByFirstLastName info level log message
[INFO ] 2023-01-20 18:10:25.186 [restartedMain] AttendanceDashBoardApplication - Starting AttendanceDashBoardApplication using Java 17.0.4.1 with PID 1392 (C:\Users\hp\git\hrmsmain\hrms\AttendanceDashBoard\target\classes started by hp in C:\Users\hp\git\hrmsmain\hrms\AttendanceDashBoard)
[DEBUG] 2023-01-20 18:10:25.196 [restartedMain] AttendanceDashBoardApplication - Running with Spring Boot v3.0.0, Spring v6.0.2
[INFO ] 2023-01-20 18:10:25.198 [restartedMain] AttendanceDashBoardApplication - No active profile set, falling back to 1 default profile: "default"
[INFO ] 2023-01-20 18:10:32.813 [restartedMain] AttendanceDashBoardApplication - Started AttendanceDashBoardApplication in 8.022 seconds (process running for 9.184)
[INFO ] 2023-01-20 18:10:42.523 [http-nio-9090-exec-2] EmployeeOperationController - Employeeservice:employee:SearchEmployeeByFirstLastName info level log message
[INFO ] 2023-01-20 18:12:40.543 [restartedMain] AttendanceDashBoardApplication - Starting AttendanceDashBoardApplication using Java 17.0.4.1 with PID 9596 (C:\Users\hp\git\hrmsmain\hrms\AttendanceDashBoard\target\classes started by hp in C:\Users\hp\git\hrmsmain\hrms\AttendanceDashBoard)
[DEBUG] 2023-01-20 18:12:40.571 [restartedMain] AttendanceDashBoardApplication - Running with Spring Boot v3.0.0, Spring v6.0.2
[INFO ] 2023-01-20 18:12:40.574 [restartedMain] AttendanceDashBoardApplication - No active profile set, falling back to 1 default profile: "default"
[INFO ] 2023-01-20 18:12:48.037 [restartedMain] AttendanceDashBoardApplication - Started AttendanceDashBoardApplication in 8.071 seconds (process running for 9.51)
[INFO ] 2023-01-20 18:12:56.151 [http-nio-9090-exec-1] EmployeeOperationController - Employeeservice:employee:SearchEmployeeByFirstLastName info level log message
[INFO ] 2023-01-20 18:29:04.936 [restartedMain] AttendanceDashBoardApplication - Starting AttendanceDashBoardApplication using Java 17.0.4.1 on DESKTOP-UOJ5LP6 with PID 6376 (C:\Users\hp\git\hrmsmain\hrms\AttendanceDashBoard\target\classes started by hp in C:\Users\hp\git\hrmsmain\hrms\AttendanceDashBoard)
[DEBUG] 2023-01-20 18:29:04.942 [restartedMain] AttendanceDashBoardApplication - Running with Spring Boot v2.7.7, Spring v5.3.24
[INFO ] 2023-01-20 18:29:04.944 [restartedMain] AttendanceDashBoardApplication - No active profile set, falling back to 1 default profile: "default"
[INFO ] 2023-01-20 18:56:45.654 [restartedMain] AttendanceDashBoardApplication - Starting AttendanceDashBoardApplication using Java 17.0.4.1 on DESKTOP-UOJ5LP6 with PID 10948 (C:\Users\hp\git\hrmsmain\hrms\AttendanceDashBoard\target\classes started by hp in C:\Users\hp\git\hrmsmain\hrms\AttendanceDashBoard)
[DEBUG] 2023-01-20 18:56:45.679 [restartedMain] AttendanceDashBoardApplication - Running with Spring Boot v2.7.7, Spring v5.3.24
[INFO ] 2023-01-20 18:56:45.685 [restartedMain] AttendanceDashBoardApplication - No active profile set, falling back to 1 default profile: "default"
[INFO ] 2023-01-20 18:57:59.834 [restartedMain] AttendanceDashBoardApplication - Starting AttendanceDashBoardApplication using Java 17.0.4.1 on DESKTOP-UOJ5LP6 with PID 6604 (C:\Users\hp\git\hrmsmain\hrms\AttendanceDashBoard\target\classes started by hp in C:\Users\hp\git\hrmsmain\hrms\AttendanceDashBoard)
[DEBUG] 2023-01-20 18:57:59.838 [restartedMain] AttendanceDashBoardApplication - Running with Spring Boot v2.7.7, Spring v5.3.24
[INFO ] 2023-01-20 18:57:59.839 [restartedMain] AttendanceDashBoardApplication - No active profile set, falling back to 1 default profile: "default"
[INFO ] 2023-01-20 19:08:43.945 [restartedMain] AttendanceDashBoardApplication - Starting AttendanceDashBoardApplication using Java 17.0.4.1 with PID 11616 (C:\Users\hp\git\hrmsmain\hrms\AttendanceDashBoard\target\classes started by hp in C:\Users\hp\git\hrmsmain\hrms\AttendanceDashBoard)
[DEBUG] 2023-01-20 19:08:43.955 [restartedMain] AttendanceDashBoardApplication - Running with Spring Boot v3.0.0, Spring v6.0.2
[INFO ] 2023-01-20 19:08:43.957 [restartedMain] AttendanceDashBoardApplication - No active profile set, falling back to 1 default profile: "default"
[INFO ] 2023-01-20 19:08:52.582 [restartedMain] AttendanceDashBoardApplication - Started AttendanceDashBoardApplication in 9.364 seconds (process running for 11.131)
[INFO ] 2023-01-20 19:10:11.232 [http-nio-9090-exec-1] EmployeeOperationController - Employeeservice:employee:getAllEmps info level log message
[INFO ] 2023-01-20 19:10:40.173 [http-nio-9090-exec-3] EmployeeOperationController - Employeeservice:InterviewPosition:findEmployeeIPByEmployeeId info level log message
[INFO ] 2023-01-20 19:10:57.254 [http-nio-9090-exec-4] CandidatePipelineController - Employeeservice:CandidatePipelilne:getAllCandidatePipeline info level log message
[INFO ] 2023-01-20 19:11:30.078 [http-nio-9090-exec-5] EmployeeOperationController - Employeeservice:employee:saveEmp info level log message
[INFO ] 2023-01-20 19:12:49.955 [http-nio-9090-exec-8] AttendanceController - Employeeservice:Attendance:setStatus info level log message
[INFO ] 2023-01-20 19:13:27.189 [http-nio-9090-exec-9] AttendanceController - Employeeservice:Attendance:setStatus info level log message
[INFO ] 2023-01-20 19:13:46.163 [http-nio-9090-exec-10] AttendanceController - Employeeservice:Attendance:setStatus info level log message
[INFO ] 2023-01-20 19:13:53.559 [http-nio-9090-exec-2] AttendanceController - Employeeservice:Attendance:setStatus info level log message
[INFO ] 2023-01-20 19:17:05.717 [http-nio-9090-exec-4] AttendanceController - Employeeservice:Attendance:setStatus info level log message
[INFO ] 2023-01-20 19:17:15.829 [http-nio-9090-exec-5] AttendanceController - Employeeservice:Attendance:setStatus info level log message
[INFO ] 2023-01-20 19:18:48.228 [restartedMain] AttendanceDashBoardApplication - Starting AttendanceDashBoardApplication using Java 17.0.4.1 with PID 11848 (C:\Users\hp\git\hrmsmain\hrms\AttendanceDashBoard\target\classes started by hp in C:\Users\hp\git\hrmsmain\hrms\AttendanceDashBoard)
[DEBUG] 2023-01-20 19:18:48.267 [restartedMain] AttendanceDashBoardApplication - Running with Spring Boot v3.0.0, Spring v6.0.2
[INFO ] 2023-01-20 19:18:48.270 [restartedMain] AttendanceDashBoardApplication - No active profile set, falling back to 1 default profile: "default"
[INFO ] 2023-01-20 19:19:04.273 [restartedMain] AttendanceDashBoardApplication - Started AttendanceDashBoardApplication in 17.422 seconds (process running for 20.565)
[INFO ] 2023-01-20 19:19:16.788 [http-nio-9090-exec-1] AttendanceController - Employeeservice:Attendance:setStatus info level log message
[INFO ] 2023-01-20 19:24:39.412 [restartedMain] AttendanceDashBoardApplication - Starting AttendanceDashBoardApplication using Java 17.0.4.1 with PID 11080 (C:\Users\hp\git\hrmsmain\hrms\AttendanceDashBoard\target\classes started by hp in C:\Users\hp\git\hrmsmain\hrms\AttendanceDashBoard)
[DEBUG] 2023-01-20 19:24:39.423 [restartedMain] AttendanceDashBoardApplication - Running with Spring Boot v3.0.0, Spring v6.0.2
[INFO ] 2023-01-20 19:24:39.425 [restartedMain] AttendanceDashBoardApplication - No active profile set, falling back to 1 default profile: "default"
[INFO ] 2023-01-20 19:24:46.559 [restartedMain] AttendanceDashBoardApplication - Started AttendanceDashBoardApplication in 7.793 seconds (process running for 9.689)
[INFO ] 2023-01-20 19:25:13.887 [http-nio-9090-exec-1] AttendanceController - Employeeservice:Attendance:setStatus info level log message
[INFO ] 2023-01-20 19:25:21.604 [http-nio-9090-exec-3] AttendanceController - Employeeservice:Attendance:setStatus info level log message
[INFO ] 2023-01-20 19:25:29.263 [http-nio-9090-exec-4] AttendanceController - Employeeservice:Attendance:setStatus info level log message
[INFO ] 2023-01-20 19:26:19.762 [http-nio-9090-exec-5] AttendanceController - Employeeservice:Attendance:setStatus info level log message
[INFO ] 2023-01-20 19:26:40.204 [http-nio-9090-exec-6] AttendanceController - Employeeservice:Attendance:setStatus info level log message
[INFO ] 2023-01-20 19:27:33.677 [http-nio-9090-exec-7] EmployeeOperationController - Employeeservice:employee:saveEmp info level log message
[INFO ] 2023-01-20 19:28:15.339 [http-nio-9090-exec-8] EmployeeOperationController - Employeeservice:employee:saveEmp info level log message
[INFO ] 2023-01-20 19:28:53.375 [http-nio-9090-exec-10] EmployeeOperationController - Employeeservice:employee:saveEmp info level log message
[INFO ] 2023-01-20 19:29:21.587 [http-nio-9090-exec-2] EmployeeOperationController - Employeeservice:employee:getAllEmps info level log message
[INFO ] 2023-01-20 19:29:42.430 [http-nio-9090-exec-1] EmployeeOperationController - Employeeservice:employee:getEmp info level log message
[INFO ] 2023-01-20 19:30:12.367 [http-nio-9090-exec-3] EmployeeOperationController - Employeeservice:employee:updateEmp info level log message
[INFO ] 2023-01-20 19:32:00.621 [http-nio-9090-exec-6] EmployeeOperationController - Employeeservice:employee:findEmployeeByEmployeeId info level log message
[INFO ] 2023-01-20 19:35:53.855 [http-nio-9090-exec-2] EmployeeOperationController - Employeeservice:InterviewPosition:savePosition info level log message
[INFO ] 2023-01-20 19:49:05.216 [http-nio-9090-exec-4] EmployeeOperationController - Employeeservice:InterviewPosition:getAllPosition info level log message
[INFO ] 2023-01-20 19:49:16.350 [http-nio-9090-exec-5] EmployeeOperationController - Employeeservice:InterviewPosition:getByPositionId info level log message
[INFO ] 2023-01-20 19:49:28.476 [http-nio-9090-exec-6] EmployeeOperationController - Employeeservice:InterviewPosition:getAllPosition info level log message
[INFO ] 2023-01-20 19:51:47.009 [http-nio-9090-exec-2] EmployeeOperationController - Employeeservice:InterviewPosition:updatePosition info level log message
[INFO ] 2023-01-20 19:52:23.500 [http-nio-9090-exec-1] CandidatePipelineController - Employeeservice:CandidatePipelineController:saveCandidatePipeline info level log message
[INFO ] 2023-01-20 19:52:34.576 [http-nio-9090-exec-3] CandidatePipelineController - Employeeservice:CandidatePipelineController:saveCandidatePipeline info level log message
[INFO ] 2023-01-20 19:52:55.030 [http-nio-9090-exec-4] CandidatePipelineController - Employeeservice:CandidatePipelineController:saveCandidatePipeline info level log message
[INFO ] 2023-01-20 19:53:36.023 [http-nio-9090-exec-6] CandidatePipelineController - Employeeservice:CandidatePipelineController:saveCandidatePipeline info level log message
[INFO ] 2023-01-20 19:54:10.922 [http-nio-9090-exec-7] CandidatePipelineController - Employeeservice:CandidatePipelineController:saveCandidatePipeline info level log message
[INFO ] 2023-01-20 19:54:44.377 [http-nio-9090-exec-9] CandidatePipelineController - Employeeservice:CandidatePipelineController:saveCandidatePipeline info level log message
[INFO ] 2023-01-20 19:54:59.564 [http-nio-9090-exec-2] CandidatePipelineController - Employeeservice:CandidatePipelineController:saveCandidatePipeline info level log message
[INFO ] 2023-01-20 19:55:55.282 [http-nio-9090-exec-3] CandidatePipelineController - Employeeservice:CandidatePipelineController:saveCandidatePipeline info level log message
[INFO ] 2023-01-20 19:56:07.240 [http-nio-9090-exec-4] CandidatePipelineController - Employeeservice:CandidatePipelilne:getAllCandidatePipeline info level log message
[INFO ] 2023-01-20 19:57:38.102 [http-nio-9090-exec-9] CandidatePipelineController - Employeeservice:CandidatePipelilne:getCandidatePipelineDetailsById info level log message
[INFO ] 2023-01-20 20:00:04.110 [http-nio-9090-exec-3] CandidatePipelineController - Employeeservice:CandidatePipelilne:saveInterviewRouds info level log message
[INFO ] 2023-01-20 20:00:19.319 [http-nio-9090-exec-5] CandidatePipelineController - Employeeservice:CandidatePipelilne:saveInterviewRouds info level log message
[INFO ] 2023-01-20 20:00:23.800 [http-nio-9090-exec-7] CandidatePipelineController - Employeeservice:CandidatePipelilne:saveInterviewRouds info level log message
[INFO ] 2023-01-20 20:00:29.079 [http-nio-9090-exec-9] CandidatePipelineController - Employeeservice:CandidatePipelilne:saveInterviewRouds info level log message
[INFO ] 2023-01-20 20:01:10.866 [http-nio-9090-exec-2] CandidatePipelineController - Employeeservice:CandidatePipelilne:saveInterviewRouds info level log message
[INFO ] 2023-01-20 20:01:22.243 [http-nio-9090-exec-1] CandidatePipelineController - Employeeservice:CandidatePipelilne:getAllInterviewRounds info level log message
[INFO ] 2023-01-20 20:01:54.126 [http-nio-9090-exec-4] CandidatePipelineController - Employeeservice:CandidatePipelilne:getInterviewRoundsById info level log message
[INFO ] 2023-01-20 20:02:09.665 [http-nio-9090-exec-5] EmployeeOperationController - Employeeservice:InterviewPosition:updateInterviewPosition info level log message
[INFO ] 2023-01-20 20:02:41.671 [http-nio-9090-exec-6] EmployeeOperationController - Employeeservice:InterviewPosition:saveInterviewPosition info level log message
[INFO ] 2023-01-20 20:03:28.095 [http-nio-9090-exec-7] EmployeeOperationController - Employeeservice:InterviewPosition:getAllInterviewPosition info level log message
[INFO ] 2023-01-20 20:15:49.696 [restartedMain] AttendanceDashBoardApplication - Starting AttendanceDashBoardApplication using Java 17.0.4.1 with PID 10608 (C:\Users\hp\git\hrmsmain\hrms\AttendanceDashBoard\target\classes started by hp in C:\Users\hp\git\hrmsmain\hrms\AttendanceDashBoard)
[DEBUG] 2023-01-20 20:15:49.709 [restartedMain] AttendanceDashBoardApplication - Running with Spring Boot v3.0.0, Spring v6.0.2
[INFO ] 2023-01-20 20:15:49.710 [restartedMain] AttendanceDashBoardApplication - No active profile set, falling back to 1 default profile: "default"
[INFO ] 2023-01-20 20:15:58.791 [restartedMain] AttendanceDashBoardApplication - Started AttendanceDashBoardApplication in 10.117 seconds (process running for 12.199)
[INFO ] 2023-01-20 20:16:09.260 [http-nio-9090-exec-2] EmployeeOperationController - Employeeservice:InterviewPosition:getAllInterviewPosition info level log message
